Arguments: 
  C:\laragon\bin\nodejs\node-v12\node.exe C:\Users\Hamzehei\AppData\Roaming\npm\node_modules\yarn\bin\yarn.js

PATH: 
  C:\Users\Hamzehei\AppData\Local\Yarn\config\global\node_modules\.bin;C:\Users\Hamzehei\AppData\Roaming\npm;C:\Users\Hamzehei\AppData\Roaming\Composer\vendor\bin;;C:\laragon\bin\laragon\utils;C:\laragon\bin\mysql\mysql-5.7.24-winx64\bin;C:\laragon\bin\php\php-7.4.23;C:\laragon\bin\composer;C:\laragon\bin\apache\httpd-2.4.35-win64-VC15\bin;C:\laragon\bin\redis\redis-x64-3.2.100;C:\laragon\bin\nodejs\node-v12;C:\laragon\bin\nginx\nginx-1.16.0;C:\laragon\bin\notepad++;C:\laragon\bin\telnet;C:\laragon\bin\ngrok;C:\laragon\bin\git\bin;C:\laragon\bin\git\cmd;C:\laragon\bin\git\usr\bin;C:\laragon\bin\git\mingw64\bin;C:\laragon\bin;C:\laragon\usr\bin;C:\laragon\bin\putty;C:\laragon\bin\cmder\bin;C:\laragon\bin\cmder\vendor\conemu-maximus5\ConEmu\Scripts;C:\laragon\bin\cmder\vendor\conemu-maximus5;C:\laragon\bin\cmder\vendor\conemu-maximus5\ConEmu;C:\Windows\system32;C:\Windows;C:\Windows\System32\Wbem;C:\Windows\System32\WindowsPowerShell\v1.0\;C:\Windows\System32\OpenSSH\;C:\Program Files\Microsoft VS Code\bin;C:\Program Files\Git\cmd;C:\laragon\bin\php\php-7.4.23;C:\ProgramData\ComposerSetup\bin;C:\Program Files\PuTTY\;C:\ProgramData\chocolatey\bin;C:\Program Files\nodejs\;C:\Program Files\OpenJDK\openjdk-8u302-b08\bin;C:\laragon\bin;C:\laragon\bin\apache\httpd-2.4.35-win64-VC15\bin;C:\laragon\bin\composer;C:\laragon\bin\git\bin;C:\laragon\bin\git\cmd;C:\laragon\bin\git\mingw64\bin;C:\laragon\bin\git\usr\bin;C:\laragon\bin\laragon\utils;C:\laragon\bin\mysql\mysql-5.7.24-winx64\bin;C:\laragon\bin\nginx\nginx-1.16.0;C:\laragon\bin\ngrok;C:\laragon\bin\nodejs\node-v12;C:\laragon\bin\notepad++;C:\laragon\bin\php\php-7.4.23;C:\laragon\bin\putty;C:\laragon\bin\redis\redis-x64-3.2.100;C:\laragon\bin\telnet;C:\laragon\usr\bin;C:\Users\Hamzehei\AppData\Local\Yarn\config\global\node_modules\.bin;C:\Users\Hamzehei\AppData\Roaming\Composer\vendor\bin;C:\Users\Hamzehei\AppData\Local\Microsoft\WindowsApps;C:\Program Files\MongoDB\Server\5.0\bin;C:\Users\Hamzehei\AppData\Roaming\npm;C:\Users\Hamzehei\AppData\Local\Android\Sdk\platform-tools;;C:\Program Files\Git\usr\bin;C:\Program Files\Git\usr\share\vim\vim74;C:\laragon\bin\cmder\;

Yarn version: 
  1.22.13

Node version: 
  12.5.0

Platform: 
  win32 x64

Trace: 
  Error: connect ECONNABORTED 104.16.23.35:443
      at TCPConnectWrap.afterConnect [as oncomplete] (net.js:1056:14)

npm manifest: 
  {
    "name": "crm-soraya",
    "version": "0.1.0",
    "private": true,
    "scripts": {
      "dev": "cross-env NODE_ENV=development nodemon ./src/server.js",
      "build": "next build ./src",
      "start": "cross-env NODE_ENV=production node ./src/server.js",
      "lint": "next lint"
    },
    "dependencies": {
      "@hookform/resolvers": "^2.8.2",
      "axios": "^0.23.0",
      "body-parser": "^1.19.0",
      "cross-env": "^7.0.3",
      "dotenv": "^10.0.0",
      "express": "^4.17.1",
      "morgan": "^1.10.0",
      "mysql2": "^2.3.2",
      "next": "11.1.2",
      "react": "17.0.2",
      "react-dom": "17.0.2",
      "react-hook-form": "^7.17.5",
      "react-redux": "^7.2.5",
      "react-toastify": "^8.0.3",
      "redux": "^4.1.1",
      "redux-saga": "^1.1.3",
      "redux-saga-callback": "^1.1.0",
      "sequelize": "^6.7.0",
      "yup": "^0.32.11"
    }
  }

yarn manifest: 
  No manifest

Lockfile: 
  No lockfile
